
> quran-app-v1@0.2.0 build
> next build

 ⚠ Invalid next.config.ts options detected:
 ⚠     Unrecognized key(s) in object: 'ns', 'defaultNS'
 ⚠ See more info here: https://nextjs.org/docs/messages/invalid-next-config
 ⚠ i18n configuration in next.config.ts is unsupported in App Router.
Learn more about internationalization in App Router: https://nextjs.org/docs/app/building-your-application/routing/internationalization
   ▲ Next.js 15.4.4

   Creating an optimized production build ...
> [PWA] Compile server
> [PWA] Compile server
> [PWA] Compile client (static)
> [PWA] Auto register service worker with: /app/node_modules/next-pwa/register.js
> [PWA] Service worker: /app/public/sw.js
> [PWA]   url: /sw.js
> [PWA]   scope: /
 ✓ Compiled successfully in 7.0s
   Skipping linting
   Checking validity of types ...
Failed to compile.

app/features/page/[pageId]/page.tsx
Type error: Type 'QuranPageProps' does not satisfy the constraint 'PageProps'.
  Types of property 'params' are incompatible.
    Type '{ pageId: string; }' is missing the following properties from type 'Promise<any>': then, catch, finally, [Symbol.toStringTag]

Next.js build worker exited with code: 1 and signal: null
